<?xml version="1.0" encoding="UTF-8"?>
<testsuite xmlns:xsi="http://www.w3.org/2001/XMLSchema-instance" xsi:noNamespaceSchemaLocation="https://maven.apache.org/surefire/maven-surefire-plugin/xsd/surefire-test-report-3.0.xsd" version="3.0" name="org.hl7.fhir.examples.validation.ValidationEngineTest" time="0.016" tests="1" errors="1" skipped="0" failures="0">
  <properties>
[...]
</properties>
  <testcase name="validateWithUSCoreIGAndPatientProfile" classname="org.hl7.fhir.examples.validation.ValidationEngineTest" time="0.002">
    <error type="java.lang.NullPointerException"><![CDATA[java.lang.NullPointerException: Cannot invoke "java.net.URL.getFile()" because the return value of "java.lang.ClassLoader.getResource(String)" is null
	at org.hl7.fhir.examples.validation.ValidationEngineTest.<init>(ValidationEngineTest.java:26)
]]></error>
  </testcase>
</testsuite>